Using pre-set license
Built from '2021.3/staging' branch; Version is '2021.3.15f1 (e8e88683f834) revision 15263878'; Using compiler version '192829333'; Build Type 'Release'
OS: 'Windows 11  (10.0.22621) 64bit Professional' Language: 'en' Physical Memory: 65461 MB
BatchMode: 1, IsHumanControllingUs: 0, StartBugReporterOnCrash: 0, Is64bit: 1, IsPro: 1

COMMAND LINE ARGUMENTS:
C:\Program Files\Unity 2021.3.15f1\Editor\Unity.exe
-adb2
-batchMode
-noUpm
-name
AssetImportWorker2
-projectPath
C:/Users/Breno/Documents/Unity Projects/UnityPlayground
-logFile
Logs/AssetImportWorker2.log
-srvPort
51093
Successfully changed project path to: C:/Users/Breno/Documents/Unity Projects/UnityPlayground
C:/Users/Breno/Documents/Unity Projects/UnityPlayground
[UnityMemory] Configuration Parameters - Can be set up in boot.config
    "memorysetup-bucket-allocator-granularity=16"
    "memorysetup-bucket-allocator-bucket-count=8"
    "memorysetup-bucket-allocator-block-size=33554432"
    "memorysetup-bucket-allocator-block-count=8"
    "memorysetup-main-allocator-block-size=16777216"
    "memorysetup-thread-allocator-block-size=16777216"
    "memorysetup-gfx-main-allocator-block-size=16777216"
    "memorysetup-gfx-thread-allocator-block-size=16777216"
    "memorysetup-cache-allocator-block-size=4194304"
    "memorysetup-typetree-allocator-block-size=2097152"
    "memorysetup-profiler-bucket-allocator-granularity=16"
    "memorysetup-profiler-bucket-allocator-bucket-count=8"
    "memorysetup-profiler-bucket-allocator-block-size=33554432"
    "memorysetup-profiler-bucket-allocator-block-count=8"
    "memorysetup-profiler-allocator-block-size=16777216"
    "memorysetup-profiler-editor-allocator-block-size=1048576"
    "memorysetup-temp-allocator-size-main=16777216"
    "memorysetup-job-temp-allocator-block-size=2097152"
    "memorysetup-job-temp-allocator-block-size-background=1048576"
    "memorysetup-job-temp-allocator-reduction-small-platforms=262144"
    "memorysetup-temp-allocator-size-background-worker=32768"
    "memorysetup-temp-allocator-size-job-worker=262144"
    "memorysetup-temp-allocator-size-preload-manager=33554432"
    "memorysetup-temp-allocator-size-nav-mesh-worker=65536"
    "memorysetup-temp-allocator-size-audio-worker=65536"
    "memorysetup-temp-allocator-size-cloud-worker=32768"
    "memorysetup-temp-allocator-size-gi-baking-worker=262144"
    "memorysetup-temp-allocator-size-gfx=262144"
Player connection [8924] Host "[IP] 192.168.15.31 [Port] 0 [Flags] 2 [Guid] 2142265873 [EditorId] 2142265873 [Version] 1048832 [Id] WindowsEditor(7,DESKTOP-PU30CAH) [Debug] 1 [PackageName] WindowsEditor [ProjectName] Editor" joined multi-casting on [225.0.0.222:54997]...

Player connection [8924] Host "[IP] 192.168.15.31 [Port] 0 [Flags] 2 [Guid] 2142265873 [EditorId] 2142265873 [Version] 1048832 [Id] WindowsEditor(7,DESKTOP-PU30CAH) [Debug] 1 [PackageName] WindowsEditor [ProjectName] Editor" joined alternative multi-casting on [225.0.0.222:34997]...

Refreshing native plugins compatible for Editor in 16.33 ms, found 0 plugins.
Preloading 0 native plugins for Editor in 0.00 ms.
Initialize engine version: 2021.3.15f1 (e8e88683f834)
[Subsystems] Discovering subsystems at path C:/Program Files/Unity 2021.3.15f1/Editor/Data/Resources/UnitySubsystems
[Subsystems] Discovering subsystems at path C:/Users/Breno/Documents/Unity Projects/UnityPlayground/Assets
GfxDevice: creating device client; threaded=0; jobified=0
Direct3D:
    Version:  Direct3D 11.0 [level 11.1]
    Renderer: NVIDIA GeForce RTX 3060 Ti (ID=0x2489)
    Vendor:   NVIDIA
    VRAM:     8038 MB
    Driver:   31.0.15.2824
Initialize mono
Mono path[0] = 'C:/Program Files/Unity 2021.3.15f1/Editor/Data/Managed'
Mono path[1] = 'C:/Program Files/Unity 2021.3.15f1/Editor/Data/MonoBleedingEdge/lib/mono/unityjit-win32'
Mono config path = 'C:/Program Files/Unity 2021.3.15f1/Editor/Data/MonoBleedingEdge/etc'
Using monoOptions --debugger-agent=transport=dt_socket,embedding=1,server=y,suspend=n,address=127.0.0.1:56680
Begin MonoManager ReloadAssembly
Registering precompiled unity dll's ...
Register platform support module: C:/Program Files/Unity 2021.3.15f1/Editor/Data/PlaybackEngines/WindowsStandaloneSupport/UnityEditor.WindowsStandalone.Extensions.dll
Registered in 0.002703 seconds.
Native extension for WindowsStandalone target not found
Refreshing native plugins compatible for Editor in 16.04 ms, found 0 plugins.
Preloading 0 native plugins for Editor in 0.00 ms.
Mono: successfully reloaded assembly
- Completed reload, in  0.357 seconds
Domain Reload Profiling:
	ReloadAssembly (357ms)
		BeginReloadAssembly (46ms)
			ExecutionOrderSort (0ms)
			DisableScriptedObjects (0ms)
			BackupInstance (0ms)
			ReleaseScriptingObjects (0ms)
			CreateAndSetChildDomain (0ms)
		EndReloadAssembly (240ms)
			LoadAssemblies (44ms)
			RebuildTransferFunctionScriptingTraits (0ms)
			SetupTypeCache (63ms)
			ReleaseScriptCaches (0ms)
			RebuildScriptCaches (16ms)
			SetupLoadedEditorAssemblies (128ms)
				LogAssemblyErrors (0ms)
				InitializePlatformSupportModulesInManaged (5ms)
				SetLoadedEditorAssemblies (0ms)
				RefreshPlugins (16ms)
				BeforeProcessingInitializeOnLoad (1ms)
				ProcessInitializeOnLoadAttributes (78ms)
				ProcessInitializeOnLoadMethodAttributes (29ms)
				AfterProcessingInitializeOnLoad (0ms)
				EditorAssembliesLoaded (0ms)
			ExecutionOrderSort2 (0ms)
			AwakeInstancesAfterBackupRestoration (0ms)
Platform modules already initialized, skipping
Registering precompiled user dll's ...
Registered in 0.000374 seconds.
Begin MonoManager ReloadAssembly
Native extension for WindowsStandalone target not found
Refreshing native plugins compatible for Editor in 0.31 ms, found 0 plugins.
Preloading 0 native plugins for Editor in 0.00 ms.
Mono: successfully reloaded assembly
- Completed reload, in  0.444 seconds
Domain Reload Profiling:
	ReloadAssembly (444ms)
		BeginReloadAssembly (72ms)
			ExecutionOrderSort (0ms)
			DisableScriptedObjects (4ms)
			BackupInstance (0ms)
			ReleaseScriptingObjects (0ms)
			CreateAndSetChildDomain (15ms)
		EndReloadAssembly (298ms)
			LoadAssemblies (40ms)
			RebuildTransferFunctionScriptingTraits (0ms)
			SetupTypeCache (77ms)
			ReleaseScriptCaches (0ms)
			RebuildScriptCaches (25ms)
			SetupLoadedEditorAssemblies (130ms)
				LogAssemblyErrors (0ms)
				InitializePlatformSupportModulesInManaged (3ms)
				SetLoadedEditorAssemblies (0ms)
				RefreshPlugins (0ms)
				BeforeProcessingInitializeOnLoad (32ms)
				ProcessInitializeOnLoadAttributes (71ms)
				ProcessInitializeOnLoadMethodAttributes (18ms)
				AfterProcessingInitializeOnLoad (5ms)
				EditorAssembliesLoaded (0ms)
			ExecutionOrderSort2 (0ms)
			AwakeInstancesAfterBackupRestoration (5ms)
Platform modules already initialized, skipping
========================================================================
Worker process is ready to serve import requests
Launched and connected shader compiler UnityShaderCompiler.exe after 0.03 seconds
Refreshing native plugins compatible for Editor in 0.34 ms, found 0 plugins.
Preloading 0 native plugins for Editor in 0.00 ms.
Unloading 1227 Unused Serialized files (Serialized files now loaded: 0)
Unloading 13 unused Assets / (56.0 KB). Loaded Objects now: 1707.
Memory consumption went from 59.4 MB to 59.3 MB.
Total: 2.130400 ms (FindLiveObjects: 0.116900 ms CreateObjectMapping: 0.028000 ms MarkObjects: 1.938400 ms  DeleteObjects: 0.046200 ms)

AssetImportParameters requested are different than current active one (requested -> active):
  custom:video-decoder-ogg-theora: a1e56fd34408186e4bbccfd4996cb3dc -> 
  custom:container-muxer-webm: aa71ff27fc2769a1b78a27578f13a17b -> 
  custom:container-demuxer-webm: 4f35f7cbe854078d1ac9338744f61a02 -> 
  custom:video-encoder-webm-vp8: eb34c28f22e8b96e1ab97ce403110664 -> 
  custom:audio-encoder-webm-vorbis: bf7c407c2cedff20999df2af8eb42d56 -> 
  custom:framework-win-MediaFoundation: 216162199b28c13a410421893ffa2e32 -> 
  custom:container-demuxer-ogg: 62fdf1f143b41e24485cea50d1cbac27 -> 
  custom:video-decoder-webm-vp8: 9c59270c3fd7afecdb556c50c9e8de78 -> 
  custom:audio-decoder-ogg-vorbis: bf7c407c2cedff20999df2af8eb42d56 -> 
========================================================================
Received Import Request.
  Time since last request: 1450.577376 seconds.
  path: Assets/_INTERNAL_/Scripts/Editor/Conditions/ConditionCollisionInspector.cs
  artifactKey: Guid(3d301167eedd34cd4b60f31dae40ef14) Importer(815301076,1909f56bfc062723c751e8b465ee728b)
Start importing Assets/_INTERNAL_/Scripts/Editor/Conditions/ConditionCollisionInspector.cs using Guid(3d301167eedd34cd4b60f31dae40ef14) Importer(815301076,1909f56bfc062723c751e8b465ee728b)  -> (artifact id: '9473892b6becaf897513e9367da794d0') in 0.018727 seconds 
========================================================================
Received Import Request.
  Time since last request: 2.361690 seconds.
  path: Assets/_INTERNAL_/Scripts/Editor/BaseClasses/ConditionInspectorBase.cs
  artifactKey: Guid(b5a8d5fb54c73457e8f6737b2137558a) Importer(815301076,1909f56bfc062723c751e8b465ee728b)
Start importing Assets/_INTERNAL_/Scripts/Editor/BaseClasses/ConditionInspectorBase.cs using Guid(b5a8d5fb54c73457e8f6737b2137558a) Importer(815301076,1909f56bfc062723c751e8b465ee728b)  -> (artifact id: 'c58d09896d595fa10d00709097e7d87d') in 0.001360 seconds 
========================================================================
Received Import Request.
  Time since last request: 8.467208 seconds.
  path: Assets/Scripts/Conditions/ConditionKeyPress.cs
  artifactKey: Guid(73ddb73e2f0dc401ebfb23c7b6e72fa5) Importer(815301076,1909f56bfc062723c751e8b465ee728b)
Start importing Assets/Scripts/Conditions/ConditionKeyPress.cs using Guid(73ddb73e2f0dc401ebfb23c7b6e72fa5) Importer(815301076,1909f56bfc062723c751e8b465ee728b)  -> (artifact id: 'e7d57f961108e9d4eba2d30d5a0b21a6') in 0.001009 seconds 
========================================================================
Received Import Request.
  Time since last request: 2.426847 seconds.
  path: Assets/_INTERNAL_/Scripts/Editor/Conditions/ConditionKeyPressInspector.cs
  artifactKey: Guid(8ac5e8f47b26d48348bdd6d5fc139849) Importer(815301076,1909f56bfc062723c751e8b465ee728b)
Start importing Assets/_INTERNAL_/Scripts/Editor/Conditions/ConditionKeyPressInspector.cs using Guid(8ac5e8f47b26d48348bdd6d5fc139849) Importer(815301076,1909f56bfc062723c751e8b465ee728b)  -> (artifact id: 'f6cdcaaf37a3fae840098466707223e5') in 0.001396 seconds 
========================================================================
Received Import Request.
  Time since last request: 4.852828 seconds.
  path: Assets/Scripts/Conditions/ConditionCollision.cs
  artifactKey: Guid(bdab9334f9a2a4efe8c019b5d37595cd) Importer(815301076,1909f56bfc062723c751e8b465ee728b)
Start importing Assets/Scripts/Conditions/ConditionCollision.cs using Guid(bdab9334f9a2a4efe8c019b5d37595cd) Importer(815301076,1909f56bfc062723c751e8b465ee728b)  -> (artifact id: '49524736f571c4e423411de3802dcf48') in 0.001080 seconds 
========================================================================
Received Import Request.
  Time since last request: 74.716060 seconds.
  path: Assets/_INTERNAL_/Scripts/BaseClasses/ConditionBase.cs
  artifactKey: Guid(5371649469359467986c7497aad56c56) Importer(815301076,1909f56bfc062723c751e8b465ee728b)
Start importing Assets/_INTERNAL_/Scripts/BaseClasses/ConditionBase.cs using Guid(5371649469359467986c7497aad56c56) Importer(815301076,1909f56bfc062723c751e8b465ee728b)  -> (artifact id: '781442d6254853c60c220e7c73209f32') in 0.001302 seconds 
========================================================================
Received Import Request.
  Time since last request: 1.298870 seconds.
  path: Assets/_INTERNAL_/Scripts/Editor/Conditions/ConditionAreaInspector.cs
  artifactKey: Guid(54dc311bbe9de410fb35924bacb5f855) Importer(815301076,1909f56bfc062723c751e8b465ee728b)
Start importing Assets/_INTERNAL_/Scripts/Editor/Conditions/ConditionAreaInspector.cs using Guid(54dc311bbe9de410fb35924bacb5f855) Importer(815301076,1909f56bfc062723c751e8b465ee728b)  -> (artifact id: '27b385caaa4ddafa6dfe04c277e694cd') in 0.001333 seconds 
========================================================================
Received Import Request.
  Time since last request: 2.308144 seconds.
  path: Assets/Scripts/Conditions/ConditionArea.cs
  artifactKey: Guid(810546aa5348745779a5772744036fd6) Importer(815301076,1909f56bfc062723c751e8b465ee728b)
Start importing Assets/Scripts/Conditions/ConditionArea.cs using Guid(810546aa5348745779a5772744036fd6) Importer(815301076,1909f56bfc062723c751e8b465ee728b)  -> (artifact id: 'f79589ab3dcbf5881debb3ebf6103e51') in 0.001213 seconds 
